        -:    0:Source:main.cpp
        -:    0:Graph:main.gcno
        -:    0:Data:main.gcda
        -:    0:Runs:1
        -:    1:#include <cassert>
        -:    2:#include <iostream>
        -:    3:#include "../include/dict.hpp"
        -:    4:
        1:    5:int main()
        -:    6:{
        -:    7:    // Implement your own tests. You can use below as a reference.
        -:    8:    // When implementing tests, think of the edge cases where you
        -:    9:    // suspect the program is likely to fail.
        -:   10:    // For example inserting the 'same' person twice or removing an
        -:   11:    // non existent person from the dictionary.
        2:   12:    Dict<std::string, int> name_to_age;
        -:   13:
        1:   14:    name_to_age.len() == 0;
        1:   15:    name_to_age.keys().empty();
        1:   16:    name_to_age.values().empty();
        -:   17:
        1:   18:    name_to_age.set("Jane", 20);
        1:   19:    name_to_age.len() == 1;
        1:   20:    name_to_age.has("Jane");
        1:   21:    name_to_age.get("Jane").has_value();
        1:   22:    name_to_age.get("Jane").value() == 20;
        1:   23:    name_to_age.keys();
        1:   24:    name_to_age.values();
        -:   25:
        1:   26:    name_to_age.set("Tarzan", 25);
        -:   27:
        -:   28:    // Should have 2 entries in dict
        1:   29:    name_to_age.len() == 2;
        -:   30:
        -:   31:    // Removing tarzan should leave us with only jane
        1:   32:    name_to_age.del("Tarzan");
        1:   33:    name_to_age.keys();
        1:   34:    name_to_age.values();
        1:   35:    name_to_age.len() == 1;
        -:   36:
        -:   37:    // If we check for key tarzan we should get false and if we try
        -:   38:    // to get it we get should get null
        1:   39:    !name_to_age.has("Tarzan");
        1:   40:    !name_to_age.get("Tarzan");
        -:   41:
        -:   42:    // Deleting a key not in the dict should do nothing
        1:   43:    name_to_age.del("Tarzan");
        1:   44:    name_to_age.keys();
        1:   45:    name_to_age.values();
        -:   46:
        -:   47:    // Two of the same people
        1:   48:    Dict<std::string, int> two_ppl;
        1:   49:    two_ppl.set("Frost", 67);
        1:   50:    two_ppl.set("Frost", 49);
        -:   51:    // Length should be one
        1:   52:    two_ppl.len() == 1;
        -:   53:    // Person should have the overwritten value
        1:   54:    two_ppl.get("Frost").value() == 49;
        -:   55:    // Person should be overwritten
        1:   56:    two_ppl.keys();
        1:   57:    two_ppl.values();
        -:   58:    // Should only contain one Frost so 
        -:   59:    // deleting once removes all entries
        1:   60:    two_ppl.del("Frost");
        1:   61:    !two_ppl.has("Frost");
        -:   62:    // Should be empty
        1:   63:    two_ppl.len() == 0;
        1:   64:    two_ppl.keys().empty();
        1:   65:    two_ppl.values().empty();
        -:   66:
        1:   67:    std::cout << "We got there!" << std::endl;
        -:   68:    
        1:   69:    return 0;
        -:   70:}
